# JRE version: Java(TM) SE Runtime Environment (8.0_121-b13) (build 1.8.0_121-b13)
# Java VM: Java HotSpot(TM) 64-Bit Server VM (25.121-b13 mixed mode windows-amd64 compressed oops)
Heap:
 PSYoungGen      total 252928K, used 117280K [0x00000000d5e00000, 0x00000000e7000000, 0x0000000100000000)
  eden space 236032K, 49% used [0x00000000d5e00000,0x00000000dd0882e8,0x00000000e4480000)
  from space 16896K, 0% used [0x00000000e5f80000,0x00000000e5f80000,0x00000000e7000000)
  to   space 19456K, 0% used [0x00000000e4a00000,0x00000000e4a00000,0x00000000e5d00000)
 ParOldGen       total 90112K, used 60515K [0x0000000081a00000, 0x0000000087200000, 0x00000000d5e00000)
  object space 90112K, 67% used [0x0000000081a00000,0x0000000085518d40,0x0000000087200000)
 Metaspace       used 58505K, capacity 60898K, committed 60968K, reserved 1103872K
  class space    used 7528K, capacity 7976K, committed 7984K, reserved 1048576K
GC Heap History (10 events):
Event: 16.851 GC heap before
{Heap before GC invocations=15 (full 2):
 PSYoungGen      total 252928K, used 240016K [0x00000000d5e00000, 0x00000000e7000000, 0x0000000100000000)
  eden space 236032K, 100% used [0x00000000d5e00000,0x00000000e4480000,0x00000000e4480000)
  from space 16896K, 23% used [0x00000000e5f80000,0x00000000e6364040,0x00000000e7000000)
  to   space 19456K, 0% used [0x00000000e4a00000,0x00000000e4a00000,0x00000000e5d00000)
 ParOldGen       total 90112K, used 34804K [0x0000000081a00000, 0x0000000087200000, 0x00000000d5e00000)
  object space 90112K, 38% used [0x0000000081a00000,0x0000000083bfd350,0x0000000087200000)
 Metaspace       used 46579K, capacity 48220K, committed 48680K, reserved 1091584K
  class space    used 6004K, capacity 6330K, committed 6448K, reserved 1048576K
Event: 16.860 GC heap after
Heap after GC invocations=15 (full 2):
 PSYoungGen      total 255488K, used 4000K [0x00000000d5e00000, 0x00000000e7000000, 0x0000000100000000)
  eden space 236032K, 0% used [0x00000000d5e00000,0x00000000d5e00000,0x00000000e4480000)
  from space 19456K, 20% used [0x00000000e4a00000,0x00000000e4de8000,0x00000000e5d00000)
  to   space 16896K, 0% used [0x00000000e5f80000,0x00000000e5f80000,0x00000000e7000000)
 ParOldGen       total 90112K, used 38336K [0x0000000081a00000, 0x0000000087200000, 0x00000000d5e00000)
  object space 90112K, 42% used [0x0000000081a00000,0x0000000083f703b0,0x0000000087200000)
 Metaspace       used 46579K, capacity 48220K, committed 48680K, reserved 1091584K
  class space    used 6004K, capacity 6330K, committed 6448K, reserved 1048576K
}
Event: 17.657 GC heap before
{Heap before GC invocations=16 (full 2):
 PSYoungGen      total 255488K, used 240032K [0x00000000d5e00000, 0x00000000e7000000, 0x0000000100000000)
  eden space 236032K, 100% used [0x00000000d5e00000,0x00000000e4480000,0x00000000e4480000)
  from space 19456K, 20% used [0x00000000e4a00000,0x00000000e4de8000,0x00000000e5d00000)
  to   space 16896K, 0% used [0x00000000e5f80000,0x00000000e5f80000,0x00000000e7000000)
 ParOldGen       total 90112K, used 38336K [0x0000000081a00000, 0x0000000087200000, 0x00000000d5e00000)
  object space 90112K, 42% used [0x0000000081a00000,0x0000000083f703b0,0x0000000087200000)
 Metaspace       used 46729K, capacity 48348K, committed 48680K, reserved 1091584K
  class space    used 6029K, capacity 6330K, committed 6448K, reserved 1048576K
Event: 17.669 GC heap after
Heap after GC invocations=16 (full 2):
 PSYoungGen      total 252928K, used 3104K [0x00000000d5e00000, 0x00000000e7000000, 0x0000000100000000)
  eden space 236032K, 0% used [0x00000000d5e00000,0x00000000d5e00000,0x00000000e4480000)
  from space 16896K, 18% used [0x00000000e5f80000,0x00000000e6288000,0x00000000e7000000)
  to   space 19456K, 0% used [0x00000000e4a00000,0x00000000e4a00000,0x00000000e5d00000)
 ParOldGen       total 90112K, used 42168K [0x0000000081a00000, 0x0000000087200000, 0x00000000d5e00000)
  object space 90112K, 46% used [0x0000000081a00000,0x000000008432e3c0,0x0000000087200000)
 Metaspace       used 46729K, capacity 48348K, committed 48680K, reserved 1091584K
  class space    used 6029K, capacity 6330K, committed 6448K, reserved 1048576K
}
Event: 19.689 GC heap before
{Heap before GC invocations=17 (full 2):
 PSYoungGen      total 252928K, used 239136K [0x00000000d5e00000, 0x00000000e7000000, 0x0000000100000000)
  eden space 236032K, 100% used [0x00000000d5e00000,0x00000000e4480000,0x00000000e4480000)
  from space 16896K, 18% used [0x00000000e5f80000,0x00000000e6288000,0x00000000e7000000)
  to   space 19456K, 0% used [0x00000000e4a00000,0x00000000e4a00000,0x00000000e5d00000)
 ParOldGen       total 90112K, used 42168K [0x0000000081a00000, 0x0000000087200000, 0x00000000d5e00000)
  object space 90112K, 46% used [0x0000000081a00000,0x000000008432e3c0,0x0000000087200000)
 Metaspace       used 49219K, capacity 50994K, committed 51112K, reserved 1093632K
  class space    used 6214K, capacity 6553K, committed 6576K, reserved 1048576K
Event: 19.704 GC heap after
Heap after GC invocations=17 (full 2):
 PSYoungGen      total 255488K, used 8305K [0x00000000d5e00000, 0x00000000e7000000, 0x0000000100000000)
  eden space 236032K, 0% used [0x00000000d5e00000,0x00000000d5e00000,0x00000000e4480000)
  from space 19456K, 42% used [0x00000000e4a00000,0x00000000e521c690,0x00000000e5d00000)
  to   space 16896K, 0% used [0x00000000e5f80000,0x00000000e5f80000,0x00000000e7000000)
 ParOldGen       total 90112K, used 45088K [0x0000000081a00000, 0x0000000087200000, 0x00000000d5e00000)
  object space 90112K, 50% used [0x0000000081a00000,0x00000000846083e0,0x0000000087200000)
 Metaspace       used 49219K, capacity 50994K, committed 51112K, reserved 1093632K
  class space    used 6214K, capacity 6553K, committed 6576K, reserved 1048576K
}
Event: 21.901 GC heap before
{Heap before GC invocations=18 (full 2):
 PSYoungGen      total 255488K, used 230810K [0x00000000d5e00000, 0x00000000e7000000, 0x0000000100000000)
  eden space 236032K, 94% used [0x00000000d5e00000,0x00000000e374a438,0x00000000e4480000)
  from space 19456K, 42% used [0x00000000e4a00000,0x00000000e521c690,0x00000000e5d00000)
  to   space 16896K, 0% used [0x00000000e5f80000,0x00000000e5f80000,0x00000000e7000000)
 ParOldGen       total 90112K, used 45088K [0x0000000081a00000, 0x0000000087200000, 0x00000000d5e00000)
  object space 90112K, 50% used [0x0000000081a00000,0x00000000846083e0,0x0000000087200000)
 Metaspace       used 55948K, capacity 58206K, committed 58280K, reserved 1103872K
  class space    used 7130K, capacity 7540K, committed 7600K, reserved 1048576K
Event: 21.922 GC heap after
Heap after GC invocations=18 (full 2):
 PSYoungGen      total 252928K, used 12700K [0x00000000d5e00000, 0x00000000e7000000, 0x0000000100000000)
  eden space 236032K, 0% used [0x00000000d5e00000,0x00000000d5e00000,0x00000000e4480000)
  from space 16896K, 75% used [0x00000000e5f80000,0x00000000e6be7238,0x00000000e7000000)
  to   space 19456K, 0% used [0x00000000e4a00000,0x00000000e4a00000,0x00000000e5d00000)
 ParOldGen       total 90112K, used 52769K [0x0000000081a00000, 0x0000000087200000, 0x00000000d5e00000)
  object space 90112K, 58% used [0x0000000081a00000,0x0000000084d88500,0x0000000087200000)
 Metaspace       used 55948K, capacity 58206K, committed 58280K, reserved 1103872K
  class space    used 7130K, capacity 7540K, committed 7600K, reserved 1048576K
}
Event: 21.922 GC heap before
{Heap before GC invocations=19 (full 3):
 PSYoungGen      total 252928K, used 12700K [0x00000000d5e00000, 0x00000000e7000000, 0x0000000100000000)
  eden space 236032K, 0% used [0x00000000d5e00000,0x00000000d5e00000,0x00000000e4480000)
  from space 16896K, 75% used [0x00000000e5f80000,0x00000000e6be7238,0x00000000e7000000)
  to   space 19456K, 0% used [0x00000000e4a00000,0x00000000e4a00000,0x00000000e5d00000)
 ParOldGen       total 90112K, used 52769K [0x0000000081a00000, 0x0000000087200000, 0x00000000d5e00000)
  object space 90112K, 58% used [0x0000000081a00000,0x0000000084d88500,0x0000000087200000)
 Metaspace       used 55948K, capacity 58206K, committed 58280K, reserved 1103872K
  class space    used 7130K, capacity 7540K, committed 7600K, reserved 1048576K
Event: 22.304 GC heap after
Heap after GC invocations=19 (full 3):
 PSYoungGen      total 252928K, used 0K [0x00000000d5e00000, 0x00000000e7000000, 0x0000000100000000)
  eden space 236032K, 0% used [0x00000000d5e00000,0x00000000d5e00000,0x00000000e4480000)
  from space 16896K, 0% used [0x00000000e5f80000,0x00000000e5f80000,0x00000000e7000000)
  to   space 19456K, 0% used [0x00000000e4a00000,0x00000000e4a00000,0x00000000e5d00000)
 ParOldGen       total 90112K, used 60515K [0x0000000081a00000, 0x0000000087200000, 0x00000000d5e00000)
  object space 90112K, 67% used [0x0000000081a00000,0x0000000085518d40,0x0000000087200000)
 Metaspace       used 55948K, capacity 58206K, committed 58280K, reserved 1101824K
  class space    used 7130K, capacity 7540K, committed 7600K, reserved 1048576K
}

